Arguments: 
  C:\Program Files\nodejs\node.exe C:\Program Files (x86)\Yarn\bin\yarn.js

PATH: 
  C:\Python27\;C:\Python27\Scripts;C:\WINDOWS\system32;C:\WINDOWS;C:\WINDOWS\System32\Wbem;C:\WINDOWS\System32\WindowsPowerShell\v1.0\;C:\Program Files\Git\cmd;C:\Program Files\Microsoft VS Code\bin;C:\Program Files\nodejs\;C:\ProgramData\chocolatey\bin;C:\Program Files (x86)\Yarn\bin\;C:\WINDOWS\System32\OpenSSH\;C:\Users\Dom's Buhendwa\AppData\Local\Microsoft\WindowsApps;C:\flutter\bin;C:\Users\Dom's Buhendwa\AppData\Roaming\npm;C:\Users\Dom's Buhendwa\AppData\Local\Yarn\bin;

Yarn version: 
  1.19.1

Node version: 
  12.13.0

Platform: 
  win32 x64

Trace: 
  Error: getaddrinfo EAI_AGAIN registry.yarnpkg.com
      at GetAddrInfoReqWrap.onlookup [as oncomplete] (dns.js:60:26)

npm manifest: 
  {
    "name": "api",
    "version": "1.0.0",
    "description": "api for ecommerce",
    "main": "server.js",
    "license": "MIT",
    "dependencies": {
      "apollo-server-express": "^2.9.4",
      "bcrypt": "^3.0.6",
      "cors": "^2.8.5",
      "dataloader": "^1.4.0",
      "express": "^4.17.1",
      "graphql": "^14.5.8",
      "jsonwebtoken": "^8.5.1",
      "jwt": "^0.2.0",
      "lodash": "^4.17.15",
      "mysql2": "^1.7.0",
      "sequelize": "^5.19.2",
      "sequelize-cli": "^5.5.1",
      "subscriptions-transport-ws": "^0.9.16",
      "uuid": "^3.3.3"
    }
  }

yarn manifest: 
  No manifest

Lockfile: 
  No lockfile
